<?xml version="1.0" encoding="UTF-8"?>
<!-- Generated by org.testng.reporters.JUnitReportReporter -->
<testsuite hostname="LAPTOP-T7418EVJ" failures="0" tests="1" name="testpackage.maven_test1" time="4.204" errors="0" timestamp="2022-05-01T13:23:42 EDT" skipped="0">
  <testcase classname="testpackage.maven_test1" name="maven_1" time="4.204"/>
  <system-out/>
</testsuite> <!-- testpackage.maven_test1 -->
