<?xml version="1.0" encoding="UTF-8"?>
<!-- Generated by org.testng.reporters.JUnitReportReporter -->
<testsuite hostname="LAPTOP-T7418EVJ" failures="0" tests="1" name="maven_t.maven_test" time="4.551" errors="0" timestamp="2022-05-01T13:05:26 EDT" skipped="0">
  <testcase classname="maven_t.maven_test" name="maven_1" time="4.551"/>
  <system-out/>
</testsuite> <!-- maven_t.maven_test -->
